uni-app-mobile/android-project-backup-20260320/app/build/intermediates/manifest_merge_blame_file/release/manifest-merger-blame-release-report.txt
1<?xml version="1.0" encoding="utf-8"?>
2<manifest xmlns:android="http://schemas.android.com/apk/res/android"
3    package="com.juju.platform"
4    android:versionCode="100"
5    android:versionName="1.0.0" >
6
7    <uses-sdk
8        android:minSdkVersion="24"
9        android:targetSdkVersion="36" />
10
11    <!-- 基础权限 -->
12    <uses-permission android:name="android.permission.INTERNET" />
12-->src/main/AndroidManifest.xml:6:5-67
12-->src/main/AndroidManifest.xml:6:22-64
13    <uses-permission android:name="android.permission.ACCESS_NETWORK_STATE" />
13-->src/main/AndroidManifest.xml:7:5-79
13-->src/main/AndroidManifest.xml:7:22-76
14    <uses-permission android:name="android.permission.ACCESS_WIFI_STATE" />
14-->src/main/AndroidManifest.xml:8:5-76
14-->src/main/AndroidManifest.xml:8:22-73
15
16    <!-- 存储权限 -->
17    <uses-permission
17-->src/main/AndroidManifest.xml:11:5-12:38
18        android:name="android.permission.WRITE_EXTERNAL_STORAGE"
18-->src/main/AndroidManifest.xml:11:22-78
19        android:maxSdkVersion="32" />
19-->src/main/AndroidManifest.xml:12:9-35
20    <uses-permission
20-->src/main/AndroidManifest.xml:13:5-14:38
21        android:name="android.permission.READ_EXTERNAL_STORAGE"
21-->src/main/AndroidManifest.xml:13:22-77
22        android:maxSdkVersion="32" />
22-->src/main/AndroidManifest.xml:14:9-35
23    <uses-permission android:name="android.permission.READ_MEDIA_IMAGES" />
23-->src/main/AndroidManifest.xml:15:5-76
23-->src/main/AndroidManifest.xml:15:22-73
24    <uses-permission android:name="android.permission.READ_MEDIA_VIDEO" />
24-->src/main/AndroidManifest.xml:16:5-75
24-->src/main/AndroidManifest.xml:16:22-72
25    <uses-permission android:name="android.permission.READ_MEDIA_AUDIO" />
25-->src/main/AndroidManifest.xml:17:5-75
25-->src/main/AndroidManifest.xml:17:22-72
26    <uses-permission android:name="android.permission.MANAGE_EXTERNAL_STORAGE" />
26-->src/main/AndroidManifest.xml:18:5-19:40
26-->src/main/AndroidManifest.xml:18:22-79
27
28    <!-- 相机和定位 -->
29    <uses-permission android:name="android.permission.CAMERA" />
29-->src/main/AndroidManifest.xml:22:5-65
29-->src/main/AndroidManifest.xml:22:22-62
30    <uses-permission android:name="android.permission.ACCESS_FINE_LOCATION" />
30-->src/main/AndroidManifest.xml:23:5-79
30-->src/main/AndroidManifest.xml:23:22-76
31    <uses-permission android:name="android.permission.ACCESS_COARSE_LOCATION" />
31-->src/main/AndroidManifest.xml:24:5-81
31-->src/main/AndroidManifest.xml:24:22-78
32    <uses-permission android:name="android.permission.ACCESS_BACKGROUND_LOCATION" />
32-->src/main/AndroidManifest.xml:25:5-85
32-->src/main/AndroidManifest.xml:25:22-82
33
34    <!-- 其他常用权限 -->
35    <uses-permission android:name="android.permission.VIBRATE" />
35-->src/main/AndroidManifest.xml:28:5-66
35-->src/main/AndroidManifest.xml:28:22-63
36    <uses-permission android:name="android.permission.FLASHLIGHT" />
36-->src/main/AndroidManifest.xml:29:5-69
36-->src/main/AndroidManifest.xml:29:22-66
37    <uses-permission android:name="android.permission.WAKE_LOCK" />
37-->src/main/AndroidManifest.xml:30:5-68
37-->src/main/AndroidManifest.xml:30:22-65
38    <uses-permission android:name="android.permission.REQUEST_INSTALL_PACKAGES" />
38-->src/main/AndroidManifest.xml:31:5-83
38-->src/main/AndroidManifest.xml:31:22-80
39
40    <!-- 特性声明 -->
41    <uses-feature
41-->src/main/AndroidManifest.xml:34:5-85
42        android:name="android.hardware.camera"
42-->src/main/AndroidManifest.xml:34:19-57
43        android:required="false" />
43-->src/main/AndroidManifest.xml:34:58-82
44    <uses-feature
44-->src/main/AndroidManifest.xml:35:5-95
45        android:name="android.hardware.camera.autofocus"
45-->src/main/AndroidManifest.xml:35:19-67
46        android:required="false" />
46-->src/main/AndroidManifest.xml:35:68-92
47    <uses-feature
47-->src/main/AndroidManifest.xml:36:5-87
48        android:name="android.hardware.location"
48-->src/main/AndroidManifest.xml:36:19-59
49        android:required="false" />
49-->src/main/AndroidManifest.xml:36:60-84
50    <uses-feature
50-->src/main/AndroidManifest.xml:37:5-91
51        android:name="android.hardware.location.gps"
51-->src/main/AndroidManifest.xml:37:19-63
52        android:required="false" />
52-->src/main/AndroidManifest.xml:37:64-88
53
54    <supports-screens
54-->[lib.5plus.base-release.aar] AndroidManifest.xml:7:5-12:39
55        android:anyDensity="true"
55-->[lib.5plus.base-release.aar] AndroidManifest.xml:8:9-34
56        android:largeScreens="true"
56-->[lib.5plus.base-release.aar] AndroidManifest.xml:9:9-36
57        android:normalScreens="true"
57-->[lib.5plus.base-release.aar] AndroidManifest.xml:10:9-37
58        android:resizeable="true"
58-->[lib.5plus.base-release.aar] AndroidManifest.xml:11:9-34
59        android:smallScreens="true" />
59-->[lib.5plus.base-release.aar] AndroidManifest.xml:12:9-36
60
61    <uses-permission android:name="android.permission.READ_MEDIA_VISUAL_USER_SELECTED" />
61-->[lib.5plus.base-release.aar] AndroidManifest.xml:19:5-90
61-->[lib.5plus.base-release.aar] AndroidManifest.xml:19:22-87
62    <!--
63    <uses-permission
64        android:name="com.android.launcher.permission.UNINSTALL_SHORTCUT" />
65    -->
66    <!-- 华为修改角标需要设置权限 -->
67    <uses-permission android:name="com.huawei.android.launcher.permission.CHANGE_BADGE" /> <!-- vivo 修改角标需要设置权限 -->
67-->[lib.5plus.base-release.aar] AndroidManifest.xml:27:5-91
67-->[lib.5plus.base-release.aar] AndroidManifest.xml:27:22-88
68    <uses-permission android:name="com.vivo.notification.permission.BADGE_ICON" />
68-->[lib.5plus.base-release.aar] AndroidManifest.xml:29:5-83
68-->[lib.5plus.base-release.aar] AndroidManifest.xml:29:22-80
69
70    <queries>
70-->[lib.5plus.base-release.aar] AndroidManifest.xml:31:5-40:15
71        <intent>
71-->[lib.5plus.base-release.aar] AndroidManifest.xml:32:9-34:18
72            <action android:name="android.intent.action.MAIN" />
72-->src/main/AndroidManifest.xml:67:17-69
72-->src/main/AndroidManifest.xml:67:25-66
73        </intent>
74        <intent>
74-->[lib.5plus.base-release.aar] AndroidManifest.xml:35:9-39:18
75            <action android:name="android.intent.action.VIEW" />
75-->[lib.5plus.base-release.aar] AndroidManifest.xml:36:13-65
75-->[lib.5plus.base-release.aar] AndroidManifest.xml:36:21-62
76
77            <category android:name="android.intent.category.DEFAULT" />
77-->[lib.5plus.base-release.aar] AndroidManifest.xml:38:13-72
77-->[lib.5plus.base-release.aar] AndroidManifest.xml:38:23-69
78        </intent>
79    </queries>
80
81    <uses-permission android:name="com.asus.msa.SupplementaryDID.ACCESS" />
81-->[oaid_sdk_1.0.25.aar] AndroidManifest.xml:13:5-76
81-->[oaid_sdk_1.0.25.aar] AndroidManifest.xml:13:22-73
82    <uses-permission android:name="freemme.permission.msa" />
82-->[oaid_sdk_1.0.25.aar] AndroidManifest.xml:15:5-62
82-->[oaid_sdk_1.0.25.aar] AndroidManifest.xml:15:22-59
83
84    <permission
84-->[androidx.core:core:1.10.1] AndroidManifest.xml:22:5-24:47
85        android:name="com.juju.platform.DYNAMIC_RECEIVER_NOT_EXPORTED_PERMISSION"
85-->[androidx.core:core:1.10.1] AndroidManifest.xml:23:9-81
86        android:protectionLevel="signature" />
86-->[androidx.core:core:1.10.1] AndroidManifest.xml:24:9-44
87
88    <uses-permission android:name="com.juju.platform.DYNAMIC_RECEIVER_NOT_EXPORTED_PERMISSION" />
88-->[androidx.core:core:1.10.1] AndroidManifest.xml:26:5-97
88-->[androidx.core:core:1.10.1] AndroidManifest.xml:26:22-94
89
90    <application
90-->src/main/AndroidManifest.xml:39:5-94:19
91        android:name="io.dcloud.application.DCloudApplication"
91-->src/main/AndroidManifest.xml:40:9-63
92        android:allowBackup="true"
92-->src/main/AndroidManifest.xml:41:9-35
93        android:appComponentFactory="androidx.core.app.CoreComponentFactory"
93-->[androidx.core:core:1.10.1] AndroidManifest.xml:28:18-86
94        android:enableOnBackInvokedCallback="false"
94-->[lib.5plus.base-release.aar] AndroidManifest.xml:174:9-52
95        android:extractNativeLibs="true"
95-->src/main/AndroidManifest.xml:42:9-41
96        android:icon="@drawable/icon"
96-->src/main/AndroidManifest.xml:43:9-38
97        android:label="聚聚"
97-->src/main/AndroidManifest.xml:44:9-27
98        android:largeHeap="true"
98-->src/main/AndroidManifest.xml:45:9-33
99        android:requestLegacyExternalStorage="true"
99-->src/main/AndroidManifest.xml:46:9-52
100        android:supportsRtl="true"
100-->[lib.5plus.base-release.aar] AndroidManifest.xml:175:9-35
101        android:theme="@style/UniAppTheme"
101-->src/main/AndroidManifest.xml:47:9-43
102        android:usesCleartextTraffic="true" >
102-->src/main/AndroidManifest.xml:48:9-44
103
104        <!-- UniApp 配置 -->
105        <meta-data
105-->src/main/AndroidManifest.xml:51:9-53:66
106            android:name="DCLOUD_STREAMAPP_CHANNEL"
106-->src/main/AndroidManifest.xml:52:13-52
107            android:value="com.juju.platform|__UNI__F311F19||" />
107-->src/main/AndroidManifest.xml:53:13-63
108        <meta-data
108-->src/main/AndroidManifest.xml:54:9-56:68
109            android:name="dcloud_appkey"
109-->src/main/AndroidManifest.xml:55:13-41
110            android:value="19d09888-32e2-8b74-8000-0000d56c8dfd" />
110-->src/main/AndroidManifest.xml:56:13-65
111
112        <activity
112-->src/main/AndroidManifest.xml:58:9-70:20
113            android:name="io.dcloud.PandoraEntry"
113-->src/main/AndroidManifest.xml:59:13-50
114            android:configChanges="orientation|keyboardHidden|keyboard|screenSize|locale|uiMode"
114-->src/main/AndroidManifest.xml:60:13-97
115            android:exported="true"
115-->src/main/AndroidManifest.xml:61:13-36
116            android:hardwareAccelerated="true"
116-->src/main/AndroidManifest.xml:62:13-47
117            android:launchMode="singleTask"
117-->src/main/AndroidManifest.xml:63:13-44
118            android:screenOrientation="portrait"
118-->src/main/AndroidManifest.xml:64:13-49
119            android:windowSoftInputMode="adjustResize" >
119-->src/main/AndroidManifest.xml:65:13-55
120            <intent-filter>
120-->src/main/AndroidManifest.xml:66:13-69:29
121                <action android:name="android.intent.action.MAIN" />
121-->src/main/AndroidManifest.xml:67:17-69
121-->src/main/AndroidManifest.xml:67:25-66
122
123                <category android:name="android.intent.category.LAUNCHER" />
123-->src/main/AndroidManifest.xml:68:17-77
123-->src/main/AndroidManifest.xml:68:27-74
124            </intent-filter>
125        </activity>
126        <activity
126-->src/main/AndroidManifest.xml:72:9-79:58
127            android:name="io.dcloud.PandoraEntryActivity"
127-->src/main/AndroidManifest.xml:73:13-58
128            android:configChanges="orientation|keyboardHidden|keyboard|screenSize|locale|uiMode"
128-->src/main/AndroidManifest.xml:74:13-97
129            android:exported="true"
129-->src/main/AndroidManifest.xml:75:13-36
130            android:hardwareAccelerated="true"
130-->src/main/AndroidManifest.xml:76:13-47
131            android:launchMode="singleTask"
131-->src/main/AndroidManifest.xml:77:13-44
132            android:screenOrientation="portrait"
132-->src/main/AndroidManifest.xml:78:13-49
133            android:windowSoftInputMode="adjustResize" />
133-->src/main/AndroidManifest.xml:79:13-55
134
135        <!-- Provider 配置 -->
136        <provider
137            android:name="io.dcloud.common.util.DCloud_FileProvider"
137-->src/main/AndroidManifest.xml:83:13-69
138            android:authorities="com.juju.platform.dc.fileprovider"
138-->src/main/AndroidManifest.xml:84:13-67
139            android:exported="false"
139-->src/main/AndroidManifest.xml:85:13-37
140            android:grantUriPermissions="true" >
140-->src/main/AndroidManifest.xml:86:13-47
141            <meta-data
141-->src/main/AndroidManifest.xml:88:13-91:52
142                android:name="android.support.FILE_PROVIDER_PATHS"
142-->src/main/AndroidManifest.xml:89:17-67
143                android:resource="@xml/dcloud_file_provider_paths" />
143-->src/main/AndroidManifest.xml:90:17-67
144        </provider>
145
146        <!--
147        <activity
148            android:name="io.dcloud.imagepick.CustomGalleryActivity"
149            android:noHistory="true"
150            android:exported="false"/>
151        -->
152        <activity
152-->[lib.5plus.base-release.aar] AndroidManifest.xml:185:9-191:56
153            android:name="io.dcloud.feature.nativeObj.photoview.PhotoActivity"
153-->[lib.5plus.base-release.aar] AndroidManifest.xml:186:13-79
154            android:configChanges="orientation|keyboardHidden"
154-->[lib.5plus.base-release.aar] AndroidManifest.xml:187:13-63
155            android:exported="false"
155-->[lib.5plus.base-release.aar] AndroidManifest.xml:188:13-37
156            android:noHistory="false"
156-->[lib.5plus.base-release.aar] AndroidManifest.xml:189:13-38
157            android:screenOrientation="behind"
157-->[lib.5plus.base-release.aar] AndroidManifest.xml:190:13-47
158            android:theme="@style/DCloudTheme.Light" />
158-->[lib.5plus.base-release.aar] AndroidManifest.xml:191:13-53
159        <activity
159-->[lib.5plus.base-release.aar] AndroidManifest.xml:192:9-201:58
160            android:name="io.dcloud.WebAppActivity"
160-->[lib.5plus.base-release.aar] AndroidManifest.xml:193:13-52
161            android:configChanges="orientation|keyboard|keyboardHidden|smallestScreenSize|screenLayout|screenSize|mcc|mnc|fontScale|navigation"
161-->[lib.5plus.base-release.aar] AndroidManifest.xml:194:13-144
162            android:hardwareAccelerated="true"
162-->[lib.5plus.base-release.aar] AndroidManifest.xml:195:13-47
163            android:icon="@drawable/dcloud_recent"
163-->[lib.5plus.base-release.aar] AndroidManifest.xml:196:13-51
164            android:label="@string/stream_my"
164-->[lib.5plus.base-release.aar] AndroidManifest.xml:197:13-46
165            android:launchMode="singleTask"
165-->[lib.5plus.base-release.aar] AndroidManifest.xml:198:13-44
166            android:screenOrientation="portrait"
166-->[lib.5plus.base-release.aar] AndroidManifest.xml:199:13-49
167            android:theme="@style/DCloudTheme"
167-->[lib.5plus.base-release.aar] AndroidManifest.xml:200:13-47
168            android:windowSoftInputMode="adjustResize" />
168-->[lib.5plus.base-release.aar] AndroidManifest.xml:201:13-55
169        <activity
169-->[lib.5plus.base-release.aar] AndroidManifest.xml:202:9-206:75
170            android:name="io.dcloud.ProcessMediator"
170-->[lib.5plus.base-release.aar] AndroidManifest.xml:203:13-53
171            android:excludeFromRecents="true"
171-->[lib.5plus.base-release.aar] AndroidManifest.xml:204:13-46
172            android:exported="false"
172-->[lib.5plus.base-release.aar] AndroidManifest.xml:205:13-37
173            android:theme="@android:style/Theme.Translucent.NoTitleBar" />
173-->[lib.5plus.base-release.aar] AndroidManifest.xml:206:13-72
174        <activity
174-->[lib.5plus.base-release.aar] AndroidManifest.xml:207:9-213:20
175            android:name="io.dcloud.WebviewActivity"
175-->[lib.5plus.base-release.aar] AndroidManifest.xml:208:13-53
176            android:exported="false"
176-->[lib.5plus.base-release.aar] AndroidManifest.xml:209:13-37
177            android:screenOrientation="portrait"
177-->[lib.5plus.base-release.aar] AndroidManifest.xml:210:13-49
178            android:theme="@style/AppCompat.ThemeNoTitleBar"
178-->[lib.5plus.base-release.aar] AndroidManifest.xml:211:13-61
179            android:windowSoftInputMode="adjustPan" >
179-->[lib.5plus.base-release.aar] AndroidManifest.xml:212:13-52
180        </activity> <!-- gallery******start -->
181        <activity
181-->[lib.5plus.base-release.aar] AndroidManifest.xml:216:9-221:63
182            android:name="com.dmcbig.mediapicker.PickerActivity"
182-->[lib.5plus.base-release.aar] AndroidManifest.xml:217:13-65
183            android:configChanges="orientation|screenSize"
183-->[lib.5plus.base-release.aar] AndroidManifest.xml:218:13-59
184            android:exported="false"
184-->[lib.5plus.base-release.aar] AndroidManifest.xml:219:13-37
185            android:theme="@style/DeviceDefault.Light"
185-->[lib.5plus.base-release.aar] AndroidManifest.xml:220:13-55
186            android:windowSoftInputMode="stateAlwaysHidden" />
186-->[lib.5plus.base-release.aar] AndroidManifest.xml:221:13-60
187        <activity
187-->[lib.5plus.base-release.aar] AndroidManifest.xml:222:9-227:63
188            android:name="com.dmcbig.mediapicker.PreviewActivity"
188-->[lib.5plus.base-release.aar] AndroidManifest.xml:223:13-66
189            android:configChanges="orientation|screenSize"
189-->[lib.5plus.base-release.aar] AndroidManifest.xml:224:13-59
190            android:exported="false"
190-->[lib.5plus.base-release.aar] AndroidManifest.xml:225:13-37
191            android:theme="@style/DeviceDefault.Light"
191-->[lib.5plus.base-release.aar] AndroidManifest.xml:226:13-55
192            android:windowSoftInputMode="stateAlwaysHidden" />
192-->[lib.5plus.base-release.aar] AndroidManifest.xml:227:13-60
193        <!--
194            <meta-data
195            android:name="DCLOUD_STREAMAPP_CHANNEL"
196            android:value="io.dcloud.%APPID%|%APPID%|" />
197        -->
198        <meta-data
198-->[lib.5plus.base-release.aar] AndroidManifest.xml:245:9-247:35
199            android:name="android.max_aspect"
199-->[lib.5plus.base-release.aar] AndroidManifest.xml:246:13-46
200            android:value="2.4" />
200-->[lib.5plus.base-release.aar] AndroidManifest.xml:247:13-32
201
202        <activity
202-->[lib.5plus.base-release.aar] AndroidManifest.xml:249:9-254:63
203            android:name="io.dcloud.feature.gallery.imageedit.IMGEditActivity"
203-->[lib.5plus.base-release.aar] AndroidManifest.xml:250:13-79
204            android:configChanges="orientation|keyboardHidden|screenSize"
204-->[lib.5plus.base-release.aar] AndroidManifest.xml:251:13-74
205            android:exported="false"
205-->[lib.5plus.base-release.aar] AndroidManifest.xml:252:13-37
206            android:theme="@style/ImageEditTheme"
206-->[lib.5plus.base-release.aar] AndroidManifest.xml:253:13-50
207            android:windowSoftInputMode="stateAlwaysHidden" /> <!-- 广告相关配置开始 -->
207-->[lib.5plus.base-release.aar] AndroidManifest.xml:254:13-60
208        <activity
208-->[lib.5plus.base-release.aar] AndroidManifest.xml:257:9-262:55
209            android:name="io.dcloud.sdk.activity.WebViewActivity"
209-->[lib.5plus.base-release.aar] AndroidManifest.xml:258:13-66
210            android:exported="false"
210-->[lib.5plus.base-release.aar] AndroidManifest.xml:259:13-37
211            android:screenOrientation="portrait"
211-->[lib.5plus.base-release.aar] AndroidManifest.xml:260:13-49
212            android:theme="@style/ThemeNoTitleBar"
212-->[lib.5plus.base-release.aar] AndroidManifest.xml:261:13-51
213            android:windowSoftInputMode="adjustPan" />
213-->[lib.5plus.base-release.aar] AndroidManifest.xml:262:13-52
214
215        <service
215-->[lib.5plus.base-release.aar] AndroidManifest.xml:264:9-267:72
216            android:name="io.dcloud.sdk.base.service.DownloadService"
216-->[lib.5plus.base-release.aar] AndroidManifest.xml:265:13-70
217            android:exported="false"
217-->[lib.5plus.base-release.aar] AndroidManifest.xml:266:13-37
218            android:permission="android.permission.BIND_JOB_SERVICE" />
218-->[lib.5plus.base-release.aar] AndroidManifest.xml:267:13-69
219
220        <provider
220-->[lib.5plus.base-release.aar] AndroidManifest.xml:269:9-277:20
221            android:name="io.dcloud.sdk.base.service.provider.DCloudAdFileProvider"
221-->[lib.5plus.base-release.aar] AndroidManifest.xml:270:13-84
222            android:authorities="com.juju.platform.dc.fileprovider"
222-->[lib.5plus.base-release.aar] AndroidManifest.xml:271:13-67
223            android:exported="false"
223-->[lib.5plus.base-release.aar] AndroidManifest.xml:272:13-37
224            android:grantUriPermissions="true" >
224-->[lib.5plus.base-release.aar] AndroidManifest.xml:273:13-47
225            <meta-data
225-->src/main/AndroidManifest.xml:88:13-91:52
226                android:name="android.support.FILE_PROVIDER_PATHS"
226-->src/main/AndroidManifest.xml:89:17-67
227                android:resource="@xml/dcloud_gg_file_provider" />
227-->src/main/AndroidManifest.xml:90:17-67
228        </provider>
229
230        <receiver
230-->[uniapp-v8-release.aar] AndroidManifest.xml:28:9-32:20
231            android:name="com.taobao.weex.WXGlobalEventReceiver"
231-->[uniapp-v8-release.aar] AndroidManifest.xml:29:13-65
232            android:enabled="true"
232-->[uniapp-v8-release.aar] AndroidManifest.xml:30:13-35
233            android:exported="false" >
233-->[uniapp-v8-release.aar] AndroidManifest.xml:31:13-37
234        </receiver>
235
236        <provider
236-->[androidx.emoji2:emoji2:1.2.0] AndroidManifest.xml:24:9-32:20
237            android:name="androidx.startup.InitializationProvider"
237-->[androidx.emoji2:emoji2:1.2.0] AndroidManifest.xml:25:13-67
238            android:authorities="com.juju.platform.androidx-startup"
238-->[androidx.emoji2:emoji2:1.2.0] AndroidManifest.xml:26:13-68
239            android:exported="false" >
239-->[androidx.emoji2:emoji2:1.2.0] AndroidManifest.xml:27:13-37
240            <meta-data
240-->[androidx.emoji2:emoji2:1.2.0] AndroidManifest.xml:29:13-31:52
241                android:name="androidx.emoji2.text.EmojiCompatInitializer"
241-->[androidx.emoji2:emoji2:1.2.0] AndroidManifest.xml:30:17-75
242                android:value="androidx.startup" />
242-->[androidx.emoji2:emoji2:1.2.0] AndroidManifest.xml:31:17-49
243            <meta-data
243-->[androidx.lifecycle:lifecycle-process:2.6.1] AndroidManifest.xml:29:13-31:52
244                android:name="androidx.lifecycle.ProcessLifecycleInitializer"
244-->[androidx.lifecycle:lifecycle-process:2.6.1] AndroidManifest.xml:30:17-78
245                android:value="androidx.startup" />
245-->[androidx.lifecycle:lifecycle-process:2.6.1] AndroidManifest.xml:31:17-49
246            <meta-data
246-->[androidx.profileinstaller:profileinstaller:1.3.0] AndroidManifest.xml:29:13-31:52
247                android:name="androidx.profileinstaller.ProfileInstallerInitializer"
247-->[androidx.profileinstaller:profileinstaller:1.3.0] AndroidManifest.xml:30:17-85
248                android:value="androidx.startup" />
248-->[androidx.profileinstaller:profileinstaller:1.3.0] AndroidManifest.xml:31:17-49
249        </provider>
250
251        <receiver
251-->[androidx.profileinstaller:profileinstaller:1.3.0] AndroidManifest.xml:34:9-52:20
252            android:name="androidx.profileinstaller.ProfileInstallReceiver"
252-->[androidx.profileinstaller:profileinstaller:1.3.0] AndroidManifest.xml:35:13-76
253            android:directBootAware="false"
253-->[androidx.profileinstaller:profileinstaller:1.3.0] AndroidManifest.xml:36:13-44
254            android:enabled="true"
254-->[androidx.profileinstaller:profileinstaller:1.3.0] AndroidManifest.xml:37:13-35
255            android:exported="true"
255-->[androidx.profileinstaller:profileinstaller:1.3.0] AndroidManifest.xml:38:13-36
256            android:permission="android.permission.DUMP" >
256-->[androidx.profileinstaller:profileinstaller:1.3.0] AndroidManifest.xml:39:13-57
257            <intent-filter>
257-->[androidx.profileinstaller:profileinstaller:1.3.0] AndroidManifest.xml:40:13-42:29
258                <action android:name="androidx.profileinstaller.action.INSTALL_PROFILE" />
258-->[androidx.profileinstaller:profileinstaller:1.3.0] AndroidManifest.xml:41:17-91
258-->[androidx.profileinstaller:profileinstaller:1.3.0] AndroidManifest.xml:41:25-88
259            </intent-filter>
260            <intent-filter>
260-->[androidx.profileinstaller:profileinstaller:1.3.0] AndroidManifest.xml:43:13-45:29
261                <action android:name="androidx.profileinstaller.action.SKIP_FILE" />
261-->[androidx.profileinstaller:profileinstaller:1.3.0] AndroidManifest.xml:44:17-85
261-->[androidx.profileinstaller:profileinstaller:1.3.0] AndroidManifest.xml:44:25-82
262            </intent-filter>
263            <intent-filter>
263-->[androidx.profileinstaller:profileinstaller:1.3.0] AndroidManifest.xml:46:13-48:29
264                <action android:name="androidx.profileinstaller.action.SAVE_PROFILE" />
264-->[androidx.profileinstaller:profileinstaller:1.3.0] AndroidManifest.xml:47:17-88
264-->[androidx.profileinstaller:profileinstaller:1.3.0] AndroidManifest.xml:47:25-85
265            </intent-filter>
266            <intent-filter>
266-->[androidx.profileinstaller:profileinstaller:1.3.0] AndroidManifest.xml:49:13-51:29
267                <action android:name="androidx.profileinstaller.action.BENCHMARK_OPERATION" />
267-->[androidx.profileinstaller:profileinstaller:1.3.0] AndroidManifest.xml:50:17-95
267-->[androidx.profileinstaller:profileinstaller:1.3.0] AndroidManifest.xml:50:25-92
268            </intent-filter>
269        </receiver>
270    </application>
271
272</manifest>